---		---------------------------------------------------------
---		Verificando Inventarios de Pedido: <strong style='color: blue'>9708</strong>
---
---		 ___
---		Renglones Pedido: <span style='color: blue'>1</span>
---
---		// + + + + +
---		//  Comenzamos Analisis de inventarios de la sucursal
---		// + + + + +
---
---
---		R E N G L O N: 1          -idPedidoDetalle: 66622732    -idProducto: 221    -partida: 3000.00    -cantidad: 1.00    -cantidadReal: 1.00
---
---
---		Producto: 0 -  
---		 idRollo => 0
---
---		SACAR DE    R O L L O
---		 Existencia: 0.00        Apartado: 0.00
---		   SACAR DE CALIBRE 0 => 3000.00
---		    =>=>  Quitamos(Simulacro) de Rollo BB
---		 --- --- => DeDondeSacar: 0
---		     --- ===> 3000.00
---		 <strong style='color: red'>------- >  no alcanza a salir la mercancía, no se puede proceder con este Pedido</strong>
---
---
---		---------------------------------------------------------
---		Verificando Inventarios de Pedido: <strong style='color: blue'>9708</strong>
---
---		 ___
---		Renglones Pedido: <span style='color: blue'>1</span>
---
---		// + + + + +
---		//  Comenzamos Analisis de inventarios de la sucursal
---		// + + + + +
---
---
---		R E N G L O N: 1          -idPedidoDetalle: 66622732    -idProducto: 221    -partida: 3000.00    -cantidad: 1.00    -cantidadReal: 1.00
---
---
---		Producto: 0 -  
---		 idRollo => 0
---
---		SACAR DE    R O L L O
---		 Existencia: 0.00        Apartado: 0.00
---		   SACAR DE CALIBRE 0 => 3000.00
---		    =>=>  Quitamos(Simulacro) de Rollo BB
---		 --- --- => DeDondeSacar: 0
---		     --- ===> 3000.00
---		 <strong style='color: red'>------- >  no alcanza a salir la mercancía, no se puede proceder con este Pedido</strong>
---
---
---		---------------------------------------------------------
---		Verificando Inventarios de Pedido: <strong style='color: blue'>9708</strong>
---
---		 ___
---		Renglones Pedido: <span style='color: blue'>1</span>
---
---		// + + + + +
---		//  Comenzamos Analisis de inventarios de la sucursal
---		// + + + + +
---
---
---		R E N G L O N: 1          -idPedidoDetalle: 66622732    -idProducto: 221    -partida: 3000.00    -cantidad: 1.00    -cantidadReal: 1.00
---
---
---		Producto: 0 -  
---		 idRollo => 0
---
---		SACAR DE    R O L L O
---		 Existencia: 0.00        Apartado: 0.00
---		   SACAR DE CALIBRE 0 => 3000.00
---		    =>=>  Quitamos(Simulacro) de Rollo BB
---		 --- --- => DeDondeSacar: 0
---		     --- ===> 3000.00
---		 <strong style='color: red'>------- >  no alcanza a salir la mercancía, no se puede proceder con este Pedido</strong>
---
---
---		---------------------------------------------------------
---		Verificando Inventarios de Pedido: <strong style='color: blue'>9708</strong>
---
---		 ___
---		Renglones Pedido: <span style='color: blue'>1</span>
---
---		// + + + + +
---		//  Comenzamos Analisis de inventarios de la sucursal
---		// + + + + +
---
---
---		R E N G L O N: 1          -idPedidoDetalle: 66622732    -idProducto: 221    -partida: 3000.00    -cantidad: 1.00    -cantidadReal: 1.00
---
---
---		Producto: 0 -  
---		 idRollo => 0
---
---		SACAR DE    R O L L O
---		 Existencia: 0.00        Apartado: 0.00
---		   SACAR DE CALIBRE 0 => 3000.00
---		    =>=>  Quitamos(Simulacro) de Rollo BB
---		 --- --- => DeDondeSacar: 0
---		     --- ===> 3000.00
---		 <strong style='color: red'>------- >  no alcanza a salir la mercancía, no se puede proceder con este Pedido</strong>
---
---
---		---------------------------------------------------------
---		Verificando Inventarios de Pedido: <strong style='color: blue'>9708</strong>
---
---		 ___
---		Renglones Pedido: <span style='color: blue'>1</span>
---
---		// + + + + +
---		//  Comenzamos Analisis de inventarios de la sucursal
---		// + + + + +
---
---
---		R E N G L O N: 1          -idPedidoDetalle: 66622732    -idProducto: 221    -partida: 3000.00    -cantidad: 1.00    -cantidadReal: 1.00
---
---
---		Producto: 0 -  
---		 idRollo => 0
---
---		SACAR DE    R O L L O
---		 Existencia: 0.00        Apartado: 0.00
---		   SACAR DE CALIBRE 0 => 3000.00
---		    =>=>  Quitamos(Simulacro) de Rollo BB
---		 --- --- => DeDondeSacar: 0
---		     --- ===> 3000.00
---		 <strong style='color: red'>------- >  no alcanza a salir la mercancía, no se puede proceder con este Pedido</strong>
---
---
---		---------------------------------------------------------
---		Verificando Inventarios de Pedido: <strong style='color: blue'>9708</strong>
---
---		 ___
---		Renglones Pedido: <span style='color: blue'>1</span>
---
---		// + + + + +
---		//  Comenzamos Analisis de inventarios de la sucursal
---		// + + + + +
---
---
---		R E N G L O N: 1          -idPedidoDetalle: 66622732    -idProducto: 221    -partida: 3000.00    -cantidad: 1.00    -cantidadReal: 1.00
---
---
---		Producto: 0 -  
---		 idRollo => 0
---
---		SACAR DE    R O L L O
---		 Existencia: 0.00        Apartado: 0.00
---		   SACAR DE CALIBRE 0 => 3000.00
---		    =>=>  Quitamos(Simulacro) de Rollo BB
---		 --- --- => DeDondeSacar: 0
---		     --- ===> 3000.00
---		 <strong style='color: red'>------- >  no alcanza a salir la mercancía, no se puede proceder con este Pedido</strong>
---
---
---		---------------------------------------------------------
---		Verificando Inventarios de Pedido: <strong style='color: blue'>9708</strong>
---
---		 ___
---		Renglones Pedido: <span style='color: blue'>1</span>
---
---		// + + + + +
---		//  Comenzamos Analisis de inventarios de la sucursal
---		// + + + + +
---
---
---		R E N G L O N: 1          -idPedidoDetalle: 66622732    -idProducto: 221    -partida: 3000.00    -cantidad: 1.00    -cantidadReal: 1.00
---
---
---		Producto: 0 -  
---		 idRollo => 0
---
---		SACAR DE    R O L L O
---		 Existencia: 0.00        Apartado: 0.00
---		   SACAR DE CALIBRE 0 => 3000.00
---		    =>=>  Quitamos(Simulacro) de Rollo BB
---		 --- --- => DeDondeSacar: 0
---		     --- ===> 3000.00
---		 <strong style='color: red'>------- >  no alcanza a salir la mercancía, no se puede proceder con este Pedido</strong>
---
---
---		---------------------------------------------------------
---		Verificando Inventarios de Pedido: <strong style='color: blue'>9708</strong>
---
---		 ___
---		Renglones Pedido: <span style='color: blue'>1</span>
---
---		// + + + + +
---		//  Comenzamos Analisis de inventarios de la sucursal
---		// + + + + +
---
---
---		R E N G L O N: 1          -idPedidoDetalle: 66622732    -idProducto: 221    -partida: 3000.00    -cantidad: 1.00    -cantidadReal: 1.00
---
---
---		Producto: 0 -  
---		 idRollo => 0
---
---		SACAR DE    R O L L O
---		 Existencia: 0.00        Apartado: 0.00
---		   SACAR DE CALIBRE 0 => 3000.00
---		    =>=>  Quitamos(Simulacro) de Rollo BB
---		 --- --- => DeDondeSacar: 0
---		     --- ===> 3000.00
---		 <strong style='color: red'>------- >  no alcanza a salir la mercancía, no se puede proceder con este Pedido</strong>
---
---
---		---------------------------------------------------------
---		Verificando Inventarios de Pedido: <strong style='color: blue'>9708</strong>
---
---		 ___
---		Renglones Pedido: <span style='color: blue'>1</span>
---
---		// + + + + +
---		//  Comenzamos Analisis de inventarios de la sucursal
---		// + + + + +
---
---
---		R E N G L O N: 1          -idPedidoDetalle: 66622732    -idProducto: 221    -partida: 3000.00    -cantidad: 1.00    -cantidadReal: 1.00
---
---
---		Producto: LGALVATEJA 6.10 GAL26N -  LAMINA GALVATEJA DE 6.10 MTS CAL26 NACIONAL TERNIUM
---		 idRollo => 1
---
---		SACAR DE   I N V E N T A R I O 
---		   Producto Existencia: 72.00        Apartado: 72.00
---		   SACAR => 3000.00
---		    =>=>  Quitamos(Simulacro) de Inventario 
---		 <strong style='color: red'>**------- >  no alcanza a salir la mercancia, no se puede proceder con este Pedido</strong>
---
---
---		---------------------------------------------------------
---		Verificando Inventarios de Pedido: <strong style='color: blue'>9708</strong>
---
---		 ___
---		Renglones Pedido: <span style='color: blue'>1</span>
---
---		// + + + + +
---		//  Comenzamos Analisis de inventarios de la sucursal
---		// + + + + +
---
---
---		R E N G L O N: 1          -idPedidoDetalle: 66622732    -idProducto: 221    -partida: 3000.00    -cantidad: 1.00    -cantidadReal: 1.00
---
---
---		Producto: LGALVATEJA 6.10 GAL26N -  LAMINA GALVATEJA DE 6.10 MTS CAL26 NACIONAL TERNIUM
---		 idRollo => 1
---
---		SACAR DE   I N V E N T A R I O 
---		   Producto Existencia: 72.00        Apartado: 72.00
---		   SACAR => 3000.00
---		    =>=>  Quitamos(Simulacro) de Inventario 
---		 <strong style='color: red'>**------- >  no alcanza a salir la mercancia, no se puede proceder con este Pedido</strong>
---
---
---		---------------------------------------------------------
---		Verificando Inventarios de Pedido: <strong style='color: blue'>9708</strong>
---
---		 ___
---		Renglones Pedido: <span style='color: blue'>1</span>
---
---		// + + + + +
---		//  Comenzamos Analisis de inventarios de la sucursal
---		// + + + + +
---
---
---		R E N G L O N: 1          -idPedidoDetalle: 66622732    -idProducto: 221    -partida: 3000.00    -cantidad: 1.00    -cantidadReal: 1.00
---
---
---		Producto: LGALVATEJA 6.10 GAL26N -  LAMINA GALVATEJA DE 6.10 MTS CAL26 NACIONAL TERNIUM
---		 idRollo => 1
---
---		SACAR DE   I N V E N T A R I O 
---		   Producto Existencia: 72.00        Apartado: 72.00
---		   SACAR => 3000.00
---		    =>=>  Quitamos(Simulacro) de Inventario 
---		 <strong style='color: red'>**------- >  no alcanza a salir la mercancia, no se puede proceder con este Pedido</strong>
---
---
---		---------------------------------------------------------
---		Verificando Inventarios de Pedido: <strong style='color: blue'>9708</strong>
---
---		 ___
---		Renglones Pedido: <span style='color: blue'>1</span>
---
---		// + + + + +
---		//  Comenzamos Analisis de inventarios de la sucursal
---		// + + + + +
---
---
---		R E N G L O N: 1          -idPedidoDetalle: 66622732    -idProducto: 221    -partida: 3000.00    -cantidad: 1.00    -cantidadReal: 1.00
---
---
---		Producto: LGALVATEJA 6.10 GAL26N -  LAMINA GALVATEJA DE 6.10 MTS CAL26 NACIONAL TERNIUM
---		 idRollo => 1
---
---		SACAR DE   I N V E N T A R I O 
---		   Producto Existencia: 72.00        Apartado: 72.00
---		   SACAR => 3000.00
---		    =>=>  Quitamos(Simulacro) de Inventario 
---		 <strong style='color: red'>**------- >  no alcanza a salir la mercancia, no se puede proceder con este Pedido</strong>
---
---
---		---------------------------------------------------------
---		Verificando Inventarios de Pedido: <strong style='color: blue'>9708</strong>
---
---		 ___
---		Renglones Pedido: <span style='color: blue'>1</span>
---
---		// + + + + +
---		//  Comenzamos Analisis de inventarios de la sucursal
---		// + + + + +
---
---
---		R E N G L O N: 1          -idPedidoDetalle: 66622732    -idProducto: 221    -partida: 3000.00    -cantidad: 1.00    -cantidadReal: 1.00
---
---
---		Producto: LGALVATEJA 6.10 GAL26N -  LAMINA GALVATEJA DE 6.10 MTS CAL26 NACIONAL TERNIUM
---		 idRollo => 1
---
---		SACAR DE   I N V E N T A R I O 
---		   Producto Existencia: 72.00        Apartado: 72.00
---		   SACAR => 3000.00
---		    =>=>  Quitamos(Simulacro) de Inventario 
---		 <strong style='color: red'>**------- >  no alcanza a salir la mercancia, no se puede proceder con este Pedido</strong>
---
---
---		---------------------------------------------------------
---		Verificando Inventarios de Pedido: <strong style='color: blue'>9708</strong>
---
---		 ___
---		Renglones Pedido: <span style='color: blue'>1</span>
---
---		// + + + + +
---		//  Comenzamos Analisis de inventarios de la sucursal
---		// + + + + +
---
---
---		R E N G L O N: 1          -idPedidoDetalle: 66622732    -idProducto: 221    -partida: 3000.00    -cantidad: 1.00    -cantidadReal: 1.00
---
---
---		Producto: LGALVATEJA 6.10 GAL26N -  LAMINA GALVATEJA DE 6.10 MTS CAL26 NACIONAL TERNIUM
---		 idRollo => 1
---
---		SACAR DE   I N V E N T A R I O 
---		   Producto Existencia: 72.00        Apartado: 72.00
---		   SACAR => 3000.00
---		    =>=>  Quitamos(Simulacro) de Inventario 
---		 <strong style='color: red'>**------- >  no alcanza a salir la mercancia, no se puede proceder con este Pedido</strong>
---
---
---		---------------------------------------------------------
---		Verificando Inventarios de Pedido: <strong style='color: blue'>9708</strong>
---
---		 ___
---		Renglones Pedido: <span style='color: blue'>1</span>
---
---		// + + + + +
---		//  Comenzamos Analisis de inventarios de la sucursal
---		// + + + + +
---
---
---		R E N G L O N: 1          -idPedidoDetalle: 66622732    -idProducto: 221    -partida: 3000.00    -cantidad: 1.00    -cantidadReal: 1.00
---
---
---		Producto: LGALVATEJA 6.10 GAL26N -  LAMINA GALVATEJA DE 6.10 MTS CAL26 NACIONAL TERNIUM
---		 idRollo => 1
---
---		SACAR DE   I N V E N T A R I O 
---		   Producto Existencia: 72.00        Apartado: 72.00
---		   SACAR => 3000.00
---		    =>=>  Quitamos(Simulacro) de Inventario 
---		 <strong style='color: red'>**------- >  no alcanza a salir la mercancia, no se puede proceder con este Pedido</strong>
---
---
---		---------------------------------------------------------
---		Verificando Inventarios de Pedido: <strong style='color: blue'>9708</strong>
---
---		 ___
---		Renglones Pedido: <span style='color: blue'>1</span>
---
---		// + + + + +
---		//  Comenzamos Analisis de inventarios de la sucursal
---		// + + + + +
---
---
---		R E N G L O N: 1          -idPedidoDetalle: 66622732    -idProducto: 221    -partida: 3000.00    -cantidad: 1.00    -cantidadReal: 1.00
---
---
---		Producto: LGALVATEJA 6.10 GAL26N -  LAMINA GALVATEJA DE 6.10 MTS CAL26 NACIONAL TERNIUM
---		 idRollo => 1
---
---		SACAR DE   I N V E N T A R I O 
---		   Producto Existencia: 72.00        Apartado: 72.00
---		   SACAR => 3000.00
---		    =>=>  Quitamos(Simulacro) de Inventario 
---		 <strong style='color: red'>**------- >  no alcanza a salir la mercancia, no se puede proceder con este Pedido</strong>
---
---
---		---------------------------------------------------------
---		Verificando Inventarios de Pedido: <strong style='color: blue'>9708</strong>
---
---		 ___
---		Renglones Pedido: <span style='color: blue'>1</span>
---
---		// + + + + +
---		//  Comenzamos Analisis de inventarios de la sucursal
---		// + + + + +
---
---
---		R E N G L O N: 1          -idPedidoDetalle: 66622732    -idProducto: 221    -partida: 3000.00    -cantidad: 1.00    -cantidadReal: 1.00
---
---
---		Producto: LGALVATEJA 6.10 GAL26N -  LAMINA GALVATEJA DE 6.10 MTS CAL26 NACIONAL TERNIUM
---		 idRollo => 1
---
---		SACAR DE   I N V E N T A R I O 
---		   Producto Existencia: 72.00        Apartado: 72.00
---		   SACAR => 3000.00
---		    =>=>  Quitamos(Simulacro) de Inventario 
---		 <strong style='color: red'>**------- >  no alcanza a salir la mercancia, no se puede proceder con este Pedido</strong>
---
---
