08 07 2020 01:07:26  + + + + + + + + + + + Inicia Proceso de Creditos Y Capacidad de Pago + + + + + + + + + + + 
---
---Disponible $Crédito:           2000.00
---Disponible $Capacidad de Pago: 2500.00
08 07 2020 01:07:26 	*Analizando Pedido: <h1><strong style='color: blue'>					762</strong></h1>										Estado: <strong style='color: blue'>AUTORIZADO</strong>
---		===>Total: 170.10
---		===>Saldo: 170.10
---		======> % Abono: 0
---			==========> Credito cubre: 170.10		//// Cubierto por Crédito: *SI*
---			==========> Capacidad Pago cubre: 170.10		//// Cubierto por Capacidad Pago: *SI*
---
---		<strong style='color: green'>		**** NO se analiza Pedido, debe estar capturado pues este es un proceso para autorización automática. ****</strong>
---
---Disponible $Crédito:           1829.9
---Disponible $Capacidad de Pago: 2329.9
08 07 2020 01:07:26 	*Analizando Pedido: <h1><strong style='color: blue'>					776</strong></h1>										Estado: <strong style='color: blue'>AUTORIZADO</strong>
---		===>Total: 536.30
---		===>Saldo: 536.30
---		======> % Abono: 0
---			==========> Credito cubre: 536.30		//// Cubierto por Crédito: *SI*
---			==========> Capacidad Pago cubre: 536.30		//// Cubierto por Capacidad Pago: *SI*
---
---		<strong style='color: green'>		**** NO se analiza Pedido, debe estar capturado pues este es un proceso para autorización automática. ****</strong>
---
---Disponible $Crédito:           1293.6
---Disponible $Capacidad de Pago: 1793.6
08 07 2020 01:07:26 	*Analizando Pedido: <h1><strong style='color: blue'>					777</strong></h1>										Estado: <strong style='color: blue'>AUTORIZADO</strong>
---		===>Total: 536.30
---		===>Saldo: 536.30
---		======> % Abono: 0
---			==========> Credito cubre: 536.30		//// Cubierto por Crédito: *SI*
---			==========> Capacidad Pago cubre: 536.30		//// Cubierto por Capacidad Pago: *SI*
---
---		<strong style='color: green'>		**** NO se analiza Pedido, debe estar capturado pues este es un proceso para autorización automática. ****</strong>
---
---Disponible $Crédito:           757.3
---Disponible $Capacidad de Pago: 1257.3
08 07 2020 01:07:26 	*Analizando Pedido: <h1><strong style='color: blue'>					794</strong></h1>										Estado: <strong style='color: blue'>AUTORIZADO</strong>
---		===>Total: 1200.49
---		===>Saldo: 1200.49
---		======> % Abono: 0
---			==========> Credito cubre: 757.3		//// Cubierto por Crédito: *NO*
---			==========> Capacidad Pago cubre: 1200.49		//// Cubierto por Capacidad Pago: *SI*
---
---		<strong style='color: green'>		**** NO se analiza Pedido, debe estar capturado pues este es un proceso para autorización automática. ****</strong>
---
---Disponible $Crédito:           0
---Disponible $Capacidad de Pago: 56.81
08 07 2020 01:07:26 	*Analizando Pedido: <h1><strong style='color: blue'>					810</strong></h1>										Estado: <strong style='color: blue'>AUTORIZADO</strong>
---		===>Total: 646.67
---		===>Saldo: 646.67
---		======> % Abono: 0
---			==========> Credito cubre: 0		//// Cubierto por Crédito: *NO*
---			==========> Capacidad Pago cubre: 56.81		//// Cubierto por Capacidad Pago: *NO*
---
---<strong style='color: red'>El Saldo de este Pedido no es cubierto por Capacidad de Pago o Crédito. NO se autorizará.</strong>
---
---Disponible $Crédito:           0
---Disponible $Capacidad de Pago: 0
08 07 2020 01:07:26 	*Analizando Pedido: <h1><strong style='color: blue'>					907</strong></h1>										Estado: <strong style='color: blue'>AUTORIZADO</strong>
---		===>Total: 445.20
---		===>Saldo: 445.20
---		======> % Abono: 0
---			==========> Credito cubre: 0		//// Cubierto por Crédito: *NO*
---			==========> Capacidad Pago cubre: 0		//// Cubierto por Capacidad Pago: *NO*
---
---<strong style='color: red'>El Saldo de este Pedido no es cubierto por Capacidad de Pago o Crédito. NO se autorizará.</strong>
---
---Disponible $Crédito:           0
---Disponible $Capacidad de Pago: 0
08 07 2020 01:07:26 	*Analizando Pedido: <h1><strong style='color: blue'>					1018</strong></h1>										Estado: <strong style='color: blue'>CAPTURADO</strong>
---		===>Total: 802.60
---		===>Saldo: 802.60
---		======> % Abono: 0
---			==========> Credito cubre: 0		//// Cubierto por Crédito: *NO*
---			==========> Capacidad Pago cubre: 0		//// Cubierto por Capacidad Pago: *NO*
---
---<strong style='color: red'>El Saldo de este Pedido no es cubierto por Capacidad de Pago o Crédito. NO se autorizará.</strong>
---
---Disponible $Crédito:           0
---Disponible $Capacidad de Pago: 0
08 07 2020 01:07:26 	*Analizando Pedido: <h1><strong style='color: blue'>					1019</strong></h1>										Estado: <strong style='color: blue'>CAPTURADO</strong>
---		===>Total: 802.60
---		===>Saldo: 802.60
---		======> % Abono: 0
---			==========> Credito cubre: 0		//// Cubierto por Crédito: *NO*
---			==========> Capacidad Pago cubre: 0		//// Cubierto por Capacidad Pago: *NO*
---
---<strong style='color: red'>El Saldo de este Pedido no es cubierto por Capacidad de Pago o Crédito. NO se autorizará.</strong>
---
---Disponible $Crédito:           0
---Disponible $Capacidad de Pago: 0
08 07 2020 01:07:27 	*Analizando Pedido: <h1><strong style='color: blue'>					1052</strong></h1>										Estado: <strong style='color: blue'>AUTORIZADO</strong>
---		===>Total: 14247.67
---		===>Saldo: 189.67
---		======> % Abono: 98.668764787506
---			==========> Credito cubre: 0		//// Cubierto por Crédito: *NO*
---			==========> Capacidad Pago cubre: 0		//// Cubierto por Capacidad Pago: *NO*
---
---<strong style='color: red'>El Saldo de este Pedido no es cubierto por Capacidad de Pago o Crédito. NO se autorizará.</strong>
08 07 2020 01:07:27 - - - - - - - - - - - FIN Proceso de Creditos Y Capacidad de Pago - - - - - - - - - - -

