

2019-12-18 01:22:02    -              -- C O M I E N Z A ---------------------------------------------

---------------------------------------------------------------------------------------------------------------------------------------------
INICIO Pedido: <h1>880</h1>

 ___
Renglones Pedido: <h3>6</h3>

// + + + + +
//  Comenzamos Analisis de inventarios de la sucursal
// + + + + +


R E N G L O N: 1          -idPedidoDetalle: 2321    -idProducto: 439    -partida: 5.00    -cantidad: 3.60    -cantidadReal: 3.60

                -                -  Se crea objeto: pieza439
                -                -  Se crea objeto: rollo1

Producto: LPANEL ISC262611/2NISO -  PANEL ISOCOP 26/26 DE 11/2┬┤┬┤ NACIONAL ISOCINDU
 idRollo => 1

MOLDURAS/MAQUILAS, NO SE SACAN DE ALGUN LADO 
   No se manejan existencias
   SOLICITADAS => 5.00
    =>=>  MOLDURAS/MAQUILAS no gestionan Inventario 
 ---------------->>>>>>> Listo para Producir SI
=============== Se manejarßn 5.00  MOLDURAS/MAQUILAS


R E N G L O N: 2          -idPedidoDetalle: 2322    -idProducto: 386    -partida: 1.00    -cantidad: 3.05    -cantidadReal: 3.05

                -                -  Se crea objeto: pieza386

Producto: MOL -  MOLDURA GRAL
 idRollo => 1

MOLDURAS/MAQUILAS, NO SE SACAN DE ALGUN LADO 
   No se manejan existencias
   SOLICITADAS => 1.00
    =>=>  MOLDURAS/MAQUILAS no gestionan Inventario 
 ---------------->>>>>>> Listo para Producir SI
=============== Se manejarßn 1.00  MOLDURAS/MAQUILAS


R E N G L O N: 3          -idPedidoDetalle: 2323    -idProducto: 386    -partida: 1.00    -cantidad: 3.05    -cantidadReal: 3.05


Producto: MOL -  MOLDURA GRAL
 idRollo => 1

MOLDURAS/MAQUILAS, NO SE SACAN DE ALGUN LADO 
   No se manejan existencias
   SOLICITADAS => 1.00
    =>=>  MOLDURAS/MAQUILAS no gestionan Inventario 
 ---------------->>>>>>> Listo para Producir SI
=============== Se manejarßn 1.00  MOLDURAS/MAQUILAS


R E N G L O N: 4          -idPedidoDetalle: 2324    -idProducto: 109    -partida: 7.00    -cantidad: 1.00    -cantidadReal: 1.00

                -                -  Se crea objeto: pieza109
                -                -  Se crea objeto: rollo9

Producto: LLISA 3.05 RPS244NTER -  L├üMINA LISA 3.05 PINTRO SULTANA CAL 24 4 PIES NACIONAL TERNIUM
 idRollo => 9

SACAR DE   I N V E N T A R I O 
   Producto Existencia: 340.00        Apartado: 0.00
   SACAR => 7.00
    =>=>  Quitamos de Inventario 
 --- --- => DeDondeSacar: 340
 ---------------->>>>>>> Listo para Asignar SI

R E N G L O N: 5          -idPedidoDetalle: 2325    -idProducto: 379    -partida: 8.00    -cantidad: 4.30    -cantidadReal: 4.30

                -                -  Se crea objeto: pieza379
                -                -  Se crea objeto: rollo31

Producto: LRN-100  RGA244NTERG37 -  LAMINA RN-100 GALVANIZADA CAL 24, 4 PIES GRADO 37
 idRollo => 31

SACAR DE    R O L L O
 Existencia: 0.00        Apartado: 747.96
   SACAR DE CALIBRE 24 => 8.00
    =>=>  Quitamos de Rollo BB
 --- --- => DeDondeSacars: -747.96
     --- ===> 186.45
 ------- >  no alcanza a salir la mercanc’┐Įa, no se puede proceder con este Pedido
   }}}}}}}}}}}}}}}}}}      Se Negar’┐Į Producto para futura Explosi’┐Įn

R E N G L O N: 6          -idPedidoDetalle: 2326    -idProducto: 147    -partida: 10.00    -cantidad: 1.00    -cantidadReal: 1.00

                -                -  Se crea objeto: pieza147

Producto: LRN-100 4.00 ACRN -  LAMINA ACRYLIT G-10 RN-100/35 DE 4 MTS
 idRollo => 1

SACAR DE   I N V E N T A R I O 
   Producto Existencia: 30.00        Apartado: 0.00
   SACAR => 10.00
    =>=>  Quitamos de Inventario 
 --- --- => DeDondeSacar: 30
 ---------------->>>>>>> Listo para Asignar SI

 - - - - - R O L L B A C K  - - - - -
 - - - - - BUENO YA NO ES ROLLBACK  - - - - -

Lo que se guardaria:   
<br>
ModeloBasePedidodetallecolocacion:<br>
    - idPedidoDetalleColocacion  =  0<br>
    - idPedidoDetalle  =  2321<br>
    - idInventarioSucursal  =  521<br>
    - idSucursal  =  1<br>
    - cantidad  =  5.00<br>
    - cantidadSurtida  =  <br>
    - cantidadEnVale  =  <br>
<br>



Lo que se guardaria:   
<br>
ModeloBasePedidodetallecolocacion:<br>
    - idPedidoDetalleColocacion  =  0<br>
    - idPedidoDetalle  =  2322<br>
    - idInventarioSucursal  =  519<br>
    - idSucursal  =  1<br>
    - cantidad  =  1.00<br>
    - cantidadSurtida  =  <br>
    - cantidadEnVale  =  <br>
<br>



Lo que se guardaria:   
<br>
ModeloBasePedidodetallecolocacion:<br>
    - idPedidoDetalleColocacion  =  0<br>
    - idPedidoDetalle  =  2323<br>
    - idInventarioSucursal  =  519<br>
    - idSucursal  =  1<br>
    - cantidad  =  1.00<br>
    - cantidadSurtida  =  <br>
    - cantidadEnVale  =  <br>
<br>



Lo que se guardaria:   
<br>
ModeloBasePedidodetallecolocacion:<br>
    - idPedidoDetalleColocacion  =  0<br>
    - idPedidoDetalle  =  2324<br>
    - idInventarioSucursal  =  3<br>
    - idSucursal  =  1<br>
    - cantidad  =  7.00<br>
    - cantidadSurtida  =  <br>
    - cantidadEnVale  =  <br>
<br>



Lo que se guardaria:   
<br>
ModeloBasePedidodetallecolocacion:<br>
    - idPedidoDetalleColocacion  =  0<br>
    - idPedidoDetalle  =  2326<br>
    - idInventarioSucursal  =  23<br>
    - idSucursal  =  1<br>
    - cantidad  =  10.00<br>
    - cantidadSurtida  =  <br>
    - cantidadEnVale  =  <br>
<br>


 - ASIGNADO NO ROLLBACK -

FIN Pedido: <h1>880</h1>
---------------------------------------------------------------------------------------------------------------------------------------------


2020-06-25 08:30:24    -              -- C O M I E N Z A ---------------------------------------------


2020-06-25 08:33:32    -              -- C O M I E N Z A ---------------------------------------------

Fatal error: Uncaught Error: Access to undeclared static property: PedidoTrackingManager::$arr in C:\xampp\htdocs\appgalvamex\galvamexrepo\include\lib\app\class.pedidotracking.inc.php:15
Stack trace:
#0 C:\xampp\htdocs\appgalvamex\galvamexrepo\include\cron\autorizaautomatico.cron.php(276): PedidoTrackingManager::init()
#1 {main}
  thrown in C:\xampp\htdocs\appgalvamex\galvamexrepo\include\lib\app\class.pedidotracking.inc.php on line 15


2020-06-25 08:36:07    -              -- C O M I E N Z A ---------------------------------------------

---------------------------------------------------------------------------------------------------------------------------------------------
INICIO Pedido: <h1>943</h1>

 ___
Renglones Pedido: <h3>1</h3>

// + + + + +
//  Comenzamos Analisis de inventarios de la sucursal
// + + + + +


R E N G L O N: 1          -idPedidoDetalle: 2443    -idProducto: 196    -partida: 2.00    -cantidad: 1.00    -cantidadReal: 1.00

                -                -  Se crea objeto: pieza196
                -                -  Se crea objeto: rollo1

Producto: GALVATEJA 3.05 MTS -  GALVATEJA CAL 26 DE 3.05MTS DE LARGO 
 idRollo => 1

SACAR DE   I N V E N T A R I O 
   Producto Existencia: 79.00        Apartado: 177.00
   SACAR => 2.00
    =>=>  Quitamos de Inventario 
 --- --- => DeDondeSacar: -98
 **------- >  no alcanza a salir la mercancia, no se puede proceder con este Pedido
   }}}}}}}}}}}}}}}}}}      Se Negar’┐Į Producto para futura Explosi’┐Įn

 - - - - - R O L L B A C K  - - - - -
 - - - - - BUENO YA NO ES ROLLBACK  - - - - -
 - ASIGNADO NO ROLLBACK -

FIN Pedido: <h1>943</h1>
---------------------------------------------------------------------------------------------------------------------------------------------

---------------------------------------------------------------------------------------------------------------------------------------------
INICIO Pedido: <h1>1031</h1>

 ___
Renglones Pedido: <h3>1</h3>

// + + + + +
//  Comenzamos Analisis de inventarios de la sucursal
// + + + + +


R E N G L O N: 1          -idPedidoDetalle: 2555    -idProducto: 204    -partida: 1.00    -cantidad: 1.00    -cantidadReal: 1.00

                -                -  Se crea objeto: pieza204
                -                -  Se crea objeto: rollo14

Producto: LKR-18 RPP242ICHI -  LAMINA KR-18 PINTRO CAL24 IQRO
 idRollo => 14

SACAR DE    R O L L O
 Existencia: 0.00        Apartado: 37226.30
   SACAR DE CALIBRE 24 => 1.00
    =>=>  Quitamos de Rollo BB
 --- --- => DeDondeSacars: -37226.3
     --- ===> 2.71
 ------- >  no alcanza a salir la mercanc’┐Įa, no se puede proceder con este Pedido
   }}}}}}}}}}}}}}}}}}      Se Negar’┐Į Producto para futura Explosi’┐Įn

 - - - - - R O L L B A C K  - - - - -
 - - - - - BUENO YA NO ES ROLLBACK  - - - - -
 - ASIGNADO NO ROLLBACK -

FIN Pedido: <h1>1031</h1>
---------------------------------------------------------------------------------------------------------------------------------------------
